# JRE version: Java(TM) SE Runtime Environment (8.0_60-b27) (build 1.8.0_60-b27)
# Java VM: Java HotSpot(TM) 64-Bit Server VM (25.60-b23 mixed mode windows-amd64 compressed oops)
Heap:
 PSYoungGen      total 1099264K, used 118693K [0x000000076b380000, 0x00000007b1480000, 0x00000007c0000000)
  eden space 1084928K, 10% used [0x000000076b380000,0x00000007727697b0,0x00000007ad700000)
  from space 14336K, 0% used [0x00000007b0680000,0x00000007b0680000,0x00000007b1480000)
  to   space 27136K, 0% used [0x00000007adf80000,0x00000007adf80000,0x00000007afa00000)
 ParOldGen       total 311808K, used 69575K [0x00000006c1a00000, 0x00000006d4a80000, 0x000000076b380000)
  object space 311808K, 22% used [0x00000006c1a00000,0x00000006c5df1ca8,0x00000006d4a80000)
 Metaspace       used 67803K, capacity 100085K, committed 100352K, reserved 1120256K
  class space    used 18650K, capacity 29669K, committed 29696K, reserved 1048576K
GC Heap History (10 events):
Event: 14.628 GC heap before
{Heap before GC invocations=18 (full 2):
 PSYoungGen      total 782336K, used 477326K [0x000000076b380000, 0x00000007ab000000, 0x00000007c0000000)
  eden space 751104K, 62% used [0x000000076b380000,0x0000000787aa65e8,0x0000000799100000)
  from space 31232K, 36% used [0x0000000799100000,0x0000000799bfd4a0,0x000000079af80000)
  to   space 29696K, 0% used [0x00000007a9300000,0x00000007a9300000,0x00000007ab000000)
 ParOldGen       total 159232K, used 84253K [0x00000006c1a00000, 0x00000006cb580000, 0x000000076b380000)
  object space 159232K, 52% used [0x00000006c1a00000,0x00000006c6c476e0,0x00000006cb580000)
 Metaspace       used 44189K, capacity 59063K, committed 59160K, reserved 1091584K
  class space    used 11068K, capacity 16475K, committed 16512K, reserved 1048576K
Event: 14.636 GC heap after
Heap after GC invocations=18 (full 2):
 PSYoungGen      total 963584K, used 3216K [0x000000076b380000, 0x00000007a9680000, 0x00000007c0000000)
  eden space 960000K, 0% used [0x000000076b380000,0x000000076b380000,0x00000007a5d00000)
  from space 3584K, 89% used [0x00000007a9300000,0x00000007a9624030,0x00000007a9680000)
  to   space 29184K, 0% used [0x00000007a5d80000,0x00000007a5d80000,0x00000007a7a00000)
 ParOldGen       total 159232K, used 88095K [0x00000006c1a00000, 0x00000006cb580000, 0x000000076b380000)
  object space 159232K, 55% used [0x00000006c1a00000,0x00000006c7007e58,0x00000006cb580000)
 Metaspace       used 44189K, capacity 59063K, committed 59160K, reserved 1091584K
  class space    used 11068K, capacity 16475K, committed 16512K, reserved 1048576K
}
Event: 14.636 GC heap before
{Heap before GC invocations=19 (full 3):
 PSYoungGen      total 963584K, used 3216K [0x000000076b380000, 0x00000007a9680000, 0x00000007c0000000)
  eden space 960000K, 0% used [0x000000076b380000,0x000000076b380000,0x00000007a5d00000)
  from space 3584K, 89% used [0x00000007a9300000,0x00000007a9624030,0x00000007a9680000)
  to   space 29184K, 0% used [0x00000007a5d80000,0x00000007a5d80000,0x00000007a7a00000)
 ParOldGen       total 159232K, used 88095K [0x00000006c1a00000, 0x00000006cb580000, 0x000000076b380000)
  object space 159232K, 55% used [0x00000006c1a00000,0x00000006c7007e58,0x00000006cb580000)
 Metaspace       used 44189K, capacity 59063K, committed 59160K, reserved 1091584K
  class space    used 11068K, capacity 16475K, committed 16512K, reserved 1048576K
Event: 14.943 GC heap after
Heap after GC invocations=19 (full 3):
 PSYoungGen      total 963584K, used 0K [0x000000076b380000, 0x00000007a9680000, 0x00000007c0000000)
  eden space 960000K, 0% used [0x000000076b380000,0x000000076b380000,0x00000007a5d00000)
  from space 3584K, 0% used [0x00000007a9300000,0x00000007a9300000,0x00000007a9680000)
  to   space 29184K, 0% used [0x00000007a5d80000,0x00000007a5d80000,0x00000007a7a00000)
 ParOldGen       total 235008K, used 56278K [0x00000006c1a00000, 0x00000006cff80000, 0x000000076b380000)
  object space 235008K, 23% used [0x00000006c1a00000,0x00000006c50f5be0,0x00000006cff80000)
 Metaspace       used 44189K, capacity 59063K, committed 59160K, reserved 1091584K
  class space    used 11068K, capacity 16475K, committed 16512K, reserved 1048576K
}
Event: 20.468 GC heap before
{Heap before GC invocations=20 (full 3):
 PSYoungGen      total 963584K, used 960000K [0x000000076b380000, 0x00000007a9680000, 0x00000007c0000000)
  eden space 960000K, 100% used [0x000000076b380000,0x00000007a5d00000,0x00000007a5d00000)
  from space 3584K, 0% used [0x00000007a9300000,0x00000007a9300000,0x00000007a9680000)
  to   space 29184K, 0% used [0x00000007a5d80000,0x00000007a5d80000,0x00000007a7a00000)
 ParOldGen       total 235008K, used 56278K [0x00000006c1a00000, 0x00000006cff80000, 0x000000076b380000)
  object space 235008K, 23% used [0x00000006c1a00000,0x00000006c50f5be0,0x00000006cff80000)
 Metaspace       used 57632K, capacity 82387K, committed 82560K, reserved 1107968K
  class space    used 15601K, capacity 24110K, committed 24192K, reserved 1048576K
Event: 20.478 GC heap after
Heap after GC invocations=20 (full 3):
 PSYoungGen      total 989696K, used 10578K [0x000000076b380000, 0x00000007b2180000, 0x00000007c0000000)
  eden space 960512K, 0% used [0x000000076b380000,0x000000076b380000,0x00000007a5d80000)
  from space 29184K, 36% used [0x00000007a5d80000,0x00000007a67d48a0,0x00000007a7a00000)
  to   space 27648K, 0% used [0x00000007b0680000,0x00000007b0680000,0x00000007b2180000)
 ParOldGen       total 235008K, used 56294K [0x00000006c1a00000, 0x00000006cff80000, 0x000000076b380000)
  object space 235008K, 23% used [0x00000006c1a00000,0x00000006c50f9be0,0x00000006cff80000)
 Metaspace       used 57632K, capacity 82387K, committed 82560K, reserved 1107968K
  class space    used 15601K, capacity 24110K, committed 24192K, reserved 1048576K
}
Event: 24.830 GC heap before
{Heap before GC invocations=21 (full 3):
 PSYoungGen      total 989696K, used 811204K [0x000000076b380000, 0x00000007b2180000, 0x00000007c0000000)
  eden space 960512K, 83% used [0x000000076b380000,0x000000079c15ca68,0x00000007a5d80000)
  from space 29184K, 36% used [0x00000007a5d80000,0x00000007a67d48a0,0x00000007a7a00000)
  to   space 27648K, 0% used [0x00000007b0680000,0x00000007b0680000,0x00000007b2180000)
 ParOldGen       total 235008K, used 56294K [0x00000006c1a00000, 0x00000006cff80000, 0x000000076b380000)
  object space 235008K, 23% used [0x00000006c1a00000,0x00000006c50f9be0,0x00000006cff80000)
 Metaspace       used 66867K, capacity 98581K, committed 98600K, reserved 1118208K
  class space    used 18425K, capacity 29183K, committed 29184K, reserved 1048576K
Event: 24.842 GC heap after
Heap after GC invocations=21 (full 3):
 PSYoungGen      total 1099264K, used 14311K [0x000000076b380000, 0x00000007b1480000, 0x00000007c0000000)
  eden space 1084928K, 0% used [0x000000076b380000,0x000000076b380000,0x00000007ad700000)
  from space 14336K, 99% used [0x00000007b0680000,0x00000007b1479e58,0x00000007b1480000)
  to   space 27136K, 0% used [0x00000007adf80000,0x00000007adf80000,0x00000007afa00000)
 ParOldGen       total 235008K, used 56302K [0x00000006c1a00000, 0x00000006cff80000, 0x000000076b380000)
  object space 235008K, 23% used [0x00000006c1a00000,0x00000006c50fbbe0,0x00000006cff80000)
 Metaspace       used 66867K, capacity 98581K, committed 98600K, reserved 1118208K
  class space    used 18425K, capacity 29183K, committed 29184K, reserved 1048576K
}
Event: 24.842 GC heap before
{Heap before GC invocations=22 (full 4):
 PSYoungGen      total 1099264K, used 14311K [0x000000076b380000, 0x00000007b1480000, 0x00000007c0000000)
  eden space 1084928K, 0% used [0x000000076b380000,0x000000076b380000,0x00000007ad700000)
  from space 14336K, 99% used [0x00000007b0680000,0x00000007b1479e58,0x00000007b1480000)
  to   space 27136K, 0% used [0x00000007adf80000,0x00000007adf80000,0x00000007afa00000)
 ParOldGen       total 235008K, used 56302K [0x00000006c1a00000, 0x00000006cff80000, 0x000000076b380000)
  object space 235008K, 23% used [0x00000006c1a00000,0x00000006c50fbbe0,0x00000006cff80000)
 Metaspace       used 66867K, capacity 98581K, committed 98600K, reserved 1118208K
  class space    used 18425K, capacity 29183K, committed 29184K, reserved 1048576K
Event: 25.101 GC heap after
Heap after GC invocations=22 (full 4):
 PSYoungGen      total 1099264K, used 0K [0x000000076b380000, 0x00000007b1480000, 0x00000007c0000000)
  eden space 1084928K, 0% used [0x000000076b380000,0x000000076b380000,0x00000007ad700000)
  from space 14336K, 0% used [0x00000007b0680000,0x00000007b0680000,0x00000007b1480000)
  to   space 27136K, 0% used [0x00000007adf80000,0x00000007adf80000,0x00000007afa00000)
 ParOldGen       total 311808K, used 69575K [0x00000006c1a00000, 0x00000006d4a80000, 0x000000076b380000)
  object space 311808K, 22% used [0x00000006c1a00000,0x00000006c5df1ca8,0x00000006d4a80000)
 Metaspace       used 66867K, capacity 98581K, committed 98600K, reserved 1118208K
  class space    used 18425K, capacity 29183K, committed 29184K, reserved 1048576K
}

